#-----------------------------------------------------------
# Vivado v2021.1 (64-bit)
# SW Build 3247384 on Thu Jun 10 19:36:33 MDT 2021
# IP Build 3246043 on Fri Jun 11 00:30:35 MDT 2021
# Start of session at: Mon May  9 19:01:52 2022
# Process ID: 17980
# Current directory: D:/Learning/Vivado/flappy_bird/hdmi_colorbar
# Command line: vivado.exe -gui_launcher_event rodinguilauncherevent20788 D:\Learning\Vivado\flappy_bird\hdmi_colorbar\hdmi_colorbar.xpr
# Log file: D:/Learning/Vivado/flappy_bird/hdmi_colorbar/vivado.log
# Journal file: D:/Learning/Vivado/flappy_bird/hdmi_colorbar\vivado.jou
#-----------------------------------------------------------
start_gui
open_project D:/Learning/Vivado/flappy_bird/hdmi_colorbar/hdmi_colorbar.xpr
INFO: [Project 1-313] Project file moved from 'D:/Learning/Vivado/27_hdmi_colorbar/hdmi_colorbar' since last save.
Scanning sources...
Finished scanning sources
INFO: [IP_Flow 19-234] Refreshing IP repositories
INFO: [IP_Flow 19-1704] No user IP repositories specified
INFO: [IP_Flow 19-2313] Loaded Vivado IP repository 'D:/Software/Xilinx/Vivado/2021.1/data/ip'.
open_project: Time (s): cpu = 00:00:18 ; elapsed = 00:00:08 . Memory (MB): peak = 1463.391 ; gain = 0.000
update_compile_order -fileset sources_1
add_files -norecurse {D:/Learning/Vivado/flappy_bird/hdmi_colorbar/hdmi_colorbar.srcs/sources_1/new/udp/udp_rx.v D:/Learning/Vivado/flappy_bird/hdmi_colorbar/hdmi_colorbar.srcs/sources_1/new/eth_udp_loop.v D:/Learning/Vivado/flappy_bird/hdmi_colorbar/hdmi_colorbar.srcs/sources_1/new/udp/udp.v D:/Learning/Vivado/flappy_bird/hdmi_colorbar/hdmi_colorbar.srcs/sources_1/new/led.v D:/Learning/Vivado/flappy_bird/hdmi_colorbar/hdmi_colorbar.srcs/sources_1/new/gmii_to_rgmii/rgmii_rx.v}
update_compile_order -fileset sources_1
create_ip -name clk_wiz -vendor xilinx.com -library ip -version 6.0 -module_name clk_wiz_1
INFO: [filemgmt 56-101] Creating core container 'd:/Learning/Vivado/flappy_bird/hdmi_colorbar/hdmi_colorbar.srcs/sources_1/ip/clk_wiz_1.xcix' for IP 'clk_wiz_1'
set_property -dict [list CONFIG.Component_Name {clk_wiz_1} CONFIG.PRIM_IN_FREQ {125} CONFIG.CLKOUT1_REQUESTED_OUT_FREQ {125} CONFIG.CLKOUT1_REQUESTED_PHASE {210} CONFIG.CLKIN1_JITTER_PS {80.0} CONFIG.MMCM_CLKFBOUT_MULT_F {7.500} CONFIG.MMCM_CLKIN1_PERIOD {8.000} CONFIG.MMCM_CLKOUT0_DIVIDE_F {7.500} CONFIG.MMCM_CLKOUT0_PHASE {210.000} CONFIG.CLKOUT1_JITTER {120.224} CONFIG.CLKOUT1_PHASE_ERROR {99.130}] [get_ips clk_wiz_1]
WARNING: [Vivado 12-3523] Attempt to change 'Component_Name' from 'clk_wiz_1' to 'clk_wiz_1' is not allowed and is ignored.
generate_target {instantiation_template} [get_files d:/Learning/Vivado/flappy_bird/hdmi_colorbar/hdmi_colorbar.srcs/sources_1/ip/clk_wiz_1/clk_wiz_1.xci]
INFO: [IP_Flow 19-1686] Generating 'Instantiation Template' target for IP 'clk_wiz_1'...
update_compile_order -fileset sources_1
set_property generate_synth_checkpoint false [get_files  d:/Learning/Vivado/flappy_bird/hdmi_colorbar/hdmi_colorbar.srcs/sources_1/ip/clk_wiz_1/clk_wiz_1.xci]
generate_target all [get_files  d:/Learning/Vivado/flappy_bird/hdmi_colorbar/hdmi_colorbar.srcs/sources_1/ip/clk_wiz_1/clk_wiz_1.xci]
INFO: [IP_Flow 19-1686] Generating 'Instantiation Template' target for IP 'clk_wiz_1'...
INFO: [IP_Flow 19-1686] Generating 'Synthesis' target for IP 'clk_wiz_1'...
INFO: [IP_Flow 19-1686] Generating 'Simulation' target for IP 'clk_wiz_1'...
INFO: [IP_Flow 19-1686] Generating 'Implementation' target for IP 'clk_wiz_1'...
INFO: [IP_Flow 19-1686] Generating 'Change Log' target for IP 'clk_wiz_1'...
export_ip_user_files -of_objects [get_files d:/Learning/Vivado/flappy_bird/hdmi_colorbar/hdmi_colorbar.srcs/sources_1/ip/clk_wiz_1/clk_wiz_1.xci] -no_script -sync -force -quiet
export_simulation -of_objects [get_files d:/Learning/Vivado/flappy_bird/hdmi_colorbar/hdmi_colorbar.srcs/sources_1/ip/clk_wiz_1/clk_wiz_1.xci] -directory D:/Learning/Vivado/flappy_bird/hdmi_colorbar/hdmi_colorbar.ip_user_files/sim_scripts -ip_user_files_dir D:/Learning/Vivado/flappy_bird/hdmi_colorbar/hdmi_colorbar.ip_user_files -ipstatic_source_dir D:/Learning/Vivado/flappy_bird/hdmi_colorbar/hdmi_colorbar.ip_user_files/ipstatic -lib_map_path [list {modelsim=D:/Learning/Vivado/flappy_bird/hdmi_colorbar/hdmi_colorbar.cache/compile_simlib/modelsim} {questa=D:/Learning/Vivado/flappy_bird/hdmi_colorbar/hdmi_colorbar.cache/compile_simlib/questa} {riviera=D:/Learning/Vivado/flappy_bird/hdmi_colorbar/hdmi_colorbar.cache/compile_simlib/riviera} {activehdl=D:/Learning/Vivado/flappy_bird/hdmi_colorbar/hdmi_colorbar.cache/compile_simlib/activehdl}] -use_ip_compiled_libs -force -quiet
update_compile_order -fileset sources_1
reset_run synth_1
WARNING: [Vivado 12-1017] Problems encountered:
1. Failed to delete one or more files in run directory D:/Learning/Vivado/flappy_bird/hdmi_colorbar/hdmi_colorbar.runs/synth_1

launch_runs synth_1 -jobs 12
INFO: [IP_Flow 19-1686] Generating 'Synthesis' target for IP 'head'...
INFO: [IP_Flow 19-1686] Generating 'Synthesis' target for IP 'tail'...
INFO: [IP_Flow 19-1686] Generating 'Synthesis' target for IP 'gnd_pic'...
INFO: [IP_Flow 19-1686] Generating 'Synthesis' target for IP 'bird_down'...
INFO: [IP_Flow 19-1686] Generating 'Synthesis' target for IP 'bird_up'...
INFO: [IP_Flow 19-1686] Generating 'Synthesis' target for IP 'bird'...
[Mon May  9 20:45:34 2022] Launched synth_1...
Run output will be captured here: D:/Learning/Vivado/flappy_bird/hdmi_colorbar/hdmi_colorbar.runs/synth_1/runme.log
launch_runs: Time (s): cpu = 00:00:07 ; elapsed = 00:00:08 . Memory (MB): peak = 1463.391 ; gain = 0.000
reset_run synth_1
WARNING: [Vivado 12-1017] Problems encountered:
1. Failed to delete one or more files in run directory D:/Learning/Vivado/flappy_bird/hdmi_colorbar/hdmi_colorbar.runs/synth_1

launch_runs impl_1 -to_step write_bitstream -jobs 12
[Mon May  9 20:49:47 2022] Launched synth_1...
Run output will be captured here: D:/Learning/Vivado/flappy_bird/hdmi_colorbar/hdmi_colorbar.runs/synth_1/runme.log
[Mon May  9 20:49:47 2022] Launched impl_1...
Run output will be captured here: D:/Learning/Vivado/flappy_bird/hdmi_colorbar/hdmi_colorbar.runs/impl_1/runme.log
WARNING: [IP_Flow 19-4067] Ignoring invalid widget type specified checkbox.Providing a default widget
create_ip -name ila -vendor xilinx.com -library ip -version 6.2 -module_name ila_0
INFO: [filemgmt 56-101] Creating core container 'd:/Learning/Vivado/flappy_bird/hdmi_colorbar/hdmi_colorbar.srcs/sources_1/ip/ila_0.xcix' for IP 'ila_0'
generate_target {instantiation_template} [get_files d:/Learning/Vivado/flappy_bird/hdmi_colorbar/hdmi_colorbar.srcs/sources_1/ip/ila_0/ila_0.xci]
INFO: [IP_Flow 19-1686] Generating 'Instantiation Template' target for IP 'ila_0'...
update_compile_order -fileset sources_1
set_property generate_synth_checkpoint false [get_files  d:/Learning/Vivado/flappy_bird/hdmi_colorbar/hdmi_colorbar.srcs/sources_1/ip/ila_0/ila_0.xci]
generate_target all [get_files  d:/Learning/Vivado/flappy_bird/hdmi_colorbar/hdmi_colorbar.srcs/sources_1/ip/ila_0/ila_0.xci]
INFO: [IP_Flow 19-1686] Generating 'Instantiation Template' target for IP 'ila_0'...
INFO: [IP_Flow 19-1686] Generating 'Synthesis' target for IP 'ila_0'...
INFO: [IP_Flow 19-1686] Generating 'Simulation' target for IP 'ila_0'...
INFO: [IP_Flow 19-1686] Generating 'Implementation' target for IP 'ila_0'...
INFO: [IP_Flow 19-1686] Generating 'Change Log' target for IP 'ila_0'...
export_ip_user_files -of_objects [get_files d:/Learning/Vivado/flappy_bird/hdmi_colorbar/hdmi_colorbar.srcs/sources_1/ip/ila_0/ila_0.xci] -no_script -sync -force -quiet
export_simulation -of_objects [get_files d:/Learning/Vivado/flappy_bird/hdmi_colorbar/hdmi_colorbar.srcs/sources_1/ip/ila_0/ila_0.xci] -directory D:/Learning/Vivado/flappy_bird/hdmi_colorbar/hdmi_colorbar.ip_user_files/sim_scripts -ip_user_files_dir D:/Learning/Vivado/flappy_bird/hdmi_colorbar/hdmi_colorbar.ip_user_files -ipstatic_source_dir D:/Learning/Vivado/flappy_bird/hdmi_colorbar/hdmi_colorbar.ip_user_files/ipstatic -lib_map_path [list {modelsim=D:/Learning/Vivado/flappy_bird/hdmi_colorbar/hdmi_colorbar.cache/compile_simlib/modelsim} {questa=D:/Learning/Vivado/flappy_bird/hdmi_colorbar/hdmi_colorbar.cache/compile_simlib/questa} {riviera=D:/Learning/Vivado/flappy_bird/hdmi_colorbar/hdmi_colorbar.cache/compile_simlib/riviera} {activehdl=D:/Learning/Vivado/flappy_bird/hdmi_colorbar/hdmi_colorbar.cache/compile_simlib/activehdl}] -use_ip_compiled_libs -force -quiet
WARNING: [IP_Flow 19-4067] Ignoring invalid widget type specified checkbox.Providing a default widget
WARNING: [IP_Flow 19-4067] Ignoring invalid widget type specified checkbox.Providing a default widget
WARNING: [IP_Flow 19-4331] Invalid usage of property - Setting value property on PARAM_VALUE.ALL_PROBE_SAME_MU is not allowed in procedure update_gui_for_PARAM_VALUE.C_ADV_TRIGGER
export_ip_user_files -of_objects  [get_files d:/Learning/Vivado/flappy_bird/hdmi_colorbar/hdmi_colorbar.srcs/sources_1/ip/ila_0/ila_0.xci] -no_script -reset -force -quiet
remove_files  d:/Learning/Vivado/flappy_bird/hdmi_colorbar/hdmi_colorbar.srcs/sources_1/ip/ila_0/ila_0.xci
file delete -force d:/Learning/Vivado/flappy_bird/hdmi_colorbar/hdmi_colorbar.srcs/sources_1/ip/ila_0.xcix
reset_run synth_1
WARNING: [Vivado 12-1017] Problems encountered:
1. Failed to delete one or more files in run directory D:/Learning/Vivado/flappy_bird/hdmi_colorbar/hdmi_colorbar.runs/synth_1

launch_runs impl_1 -to_step write_bitstream -jobs 12
[Mon May  9 20:54:03 2022] Launched synth_1...
Run output will be captured here: D:/Learning/Vivado/flappy_bird/hdmi_colorbar/hdmi_colorbar.runs/synth_1/runme.log
[Mon May  9 20:54:03 2022] Launched impl_1...
Run output will be captured here: D:/Learning/Vivado/flappy_bird/hdmi_colorbar/hdmi_colorbar.runs/impl_1/runme.log
open_hw_manager
connect_hw_server -allow_non_jtag
INFO: [Labtools 27-2285] Connecting to hw_server url TCP:localhost:3121
INFO: [Labtools 27-2222] Launching hw_server...
INFO: [Labtools 27-2221] Launch Output:

****** Xilinx hw_server v2021.1
  **** Build date : Jun 10 2021 at 20:17:23
    ** Copyright 1986-2021 Xilinx, Inc. All Rights Reserved.


INFO: [Labtools 27-3415] Connecting to cs_server url TCP:localhost:3042
INFO: [Labtools 27-3417] Launching cs_server...
INFO: [Labtools 27-2221] Launch Output:


******** Xilinx cs_server v2021.1
  ****** Build date   : May 27 2021-01:32:33
    **** Build number : 2021.1.1622050353
      ** Copyright 2017-2022 Xilinx, Inc. All Rights Reserved.



connect_hw_server: Time (s): cpu = 00:00:00 ; elapsed = 00:00:08 . Memory (MB): peak = 1463.391 ; gain = 0.000
open_hw_target
INFO: [Labtoolstcl 44-466] Opening hw_target localhost:3121/xilinx_tcf/Digilent/210299465787
open_hw_target: Time (s): cpu = 00:00:07 ; elapsed = 00:00:07 . Memory (MB): peak = 3039.453 ; gain = 1576.062
set_property PROGRAM.FILE {D:/Learning/Vivado/flappy_bird/hdmi_colorbar/hdmi_colorbar.runs/impl_1/eth_udp_loop.bit} [get_hw_devices xc7a35t_0]
current_hw_device [get_hw_devices xc7a35t_0]
refresh_hw_device -update_hw_probes false [lindex [get_hw_devices xc7a35t_0] 0]
INFO: [Labtools 27-1434] Device xc7a35t (JTAG device index = 0) is programmed with a design that has no supported debug core(s) in it.
create_hw_cfgmem -hw_device [get_hw_devices xc7a35t_0] -mem_dev [lindex [get_cfgmem_parts {mt25ql128-spi-x1_x2_x4}] 0]
set_property PROBES.FILE {} [get_hw_devices xc7a35t_0]
set_property FULL_PROBES.FILE {} [get_hw_devices xc7a35t_0]
set_property PROGRAM.FILE {D:/Learning/Vivado/flappy_bird/hdmi_colorbar/hdmi_colorbar.runs/impl_1/eth_udp_loop.bit} [get_hw_devices xc7a35t_0]
program_hw_devices [get_hw_devices xc7a35t_0]
INFO: [Labtools 27-3164] End of startup status: HIGH
refresh_hw_device [lindex [get_hw_devices xc7a35t_0] 0]
INFO: [Labtools 27-1434] Device xc7a35t (JTAG device index = 0) is programmed with a design that has no supported debug core(s) in it.
exit
INFO: [Common 17-206] Exiting Vivado at Mon May  9 21:19:21 2022...
